Arguments: 
  /Users/b612stitch/.nvm/versions/node/v18.12.0/bin/node /usr/local/bin/yarn add eslint eslint-config-prettier prettier –-save-dev

PATH: 
  /Users/b612stitch/.nvm/versions/node/v18.12.0/bin:/Applications/XAMPP/bin:/usr/local/opt/php8/bin:/opt/homebrew/bin:/Users/b612stitch/micromamba/bin:/Users/b612stitch/micromamba/condabin:/Library/Frameworks/Python.framework/Versions/3.10/bin:/usr/local/bin:/usr/bin:/bin:/usr/sbin:/sbin:/opt/ImageMagick/bin:/usr/local/mysql/bin:/usr/local/mysql/bin:/usr/local/mysql/bin:/usr/local/mysql/bin

Yarn version: 
  1.22.19

Node version: 
  18.12.0

Platform: 
  darwin x64

Trace: 
  TypeError [ERR_UNESCAPED_CHARACTERS]: https://registry.yarnpkg.com/–-save-dev: Request path contains unescaped characters
      at new NodeError (node:internal/errors:393:5)
      at new ClientRequest (node:_http_client:182:13)
      at Object.request (node:https:360:10)
      at module.exports.Request.start (/usr/local/lib/node_modules/yarn/lib/cli.js:141452:32)
      at module.exports.Request.end (/usr/local/lib/node_modules/yarn/lib/cli.js:142211:10)
      at end (/usr/local/lib/node_modules/yarn/lib/cli.js:141265:14)
      at Immediate.<anonymous> (/usr/local/lib/node_modules/yarn/lib/cli.js:141279:7)
      at process.processImmediate (node:internal/timers:471:21)

npm manifest: 
  No manifest

yarn manifest: 
  No manifest

Lockfile: 
  # THIS IS AN AUTOGENERATED FILE. DO NOT EDIT THIS FILE DIRECTLY.
  # yarn lockfile v1
